d:\boid_proj_files\final_solution_fulscreen\flocking\x64\release\vc141.pdb
d:\boid_proj_files\final_solution_fulscreen\flocking\x64\release\visualize.obj
d:\boid_proj_files\final_solution_fulscreen\flocking\x64\release\speedsample.obj
d:\boid_proj_files\final_solution_fulscreen\flocking\x64\release\shader.obj
d:\boid_proj_files\final_solution_fulscreen\flocking\x64\release\objloader.obj
d:\boid_proj_files\final_solution_fulscreen\flocking\x64\release\controls.obj
d:\boid_proj_files\final_solution_fulscreen\x64\release\flocking.exe
d:\boid_proj_files\final_solution_fulscreen\x64\release\flocking.pdb
d:\boid_proj_files\final_solution_fulscreen\x64\release\flocking.lib
d:\boid_proj_files\final_solution_fulscreen\x64\release\flocking.exp
d:\boid_proj_files\final_solution_fulscreen\x64\release\flocking.ipdb
d:\boid_proj_files\final_solution_fulscreen\x64\release\flocking.iobj
d:\boid_proj_files\final_solution_fulscreen\flocking\x64\release\engine.cu.cache
d:\boid_proj_files\final_solution_fulscreen\flocking\x64\release\engine.cu.obj
d:\boid_proj_files\final_solution_fulscreen\flocking\x64\release\flocking.tlog\cl.command.1.tlog
d:\boid_proj_files\final_solution_fulscreen\flocking\x64\release\flocking.tlog\link.command.1.tlog
d:\boid_proj_files\final_solution_fulscreen\flocking\x64\release\flocking.tlog\cl.read.1.tlog
d:\boid_proj_files\final_solution_fulscreen\flocking\x64\release\flocking.tlog\link.read.1.tlog
d:\boid_proj_files\final_solution_fulscreen\flocking\x64\release\flocking.tlog\cl.write.1.tlog
d:\boid_proj_files\final_solution_fulscreen\flocking\x64\release\flocking.tlog\link.write.1.tlog
d:\boid_proj_files\final_solution_fulscreen\flocking\x64\release\flocking.tlog\flocking.write.1u.tlog
