c:\users\jack-\documents\latest_boids\flocking\flocking\x64\debug\vc141.pdb
c:\users\jack-\documents\latest_boids\flocking\flocking\x64\debug\vc141.idb
c:\users\jack-\documents\latest_boids\flocking\flocking\x64\debug\controls.sbr
c:\users\jack-\documents\latest_boids\flocking\flocking\x64\debug\objloader.sbr
c:\users\jack-\documents\latest_boids\flocking\flocking\x64\debug\shader.sbr
c:\users\jack-\documents\latest_boids\flocking\flocking\x64\debug\speedsample.sbr
c:\users\jack-\documents\latest_boids\flocking\flocking\x64\debug\visualize.sbr
c:\users\jack-\documents\latest_boids\flocking\flocking\x64\debug\visualize.obj
c:\users\jack-\documents\latest_boids\flocking\flocking\x64\debug\speedsample.obj
c:\users\jack-\documents\latest_boids\flocking\flocking\x64\debug\shader.obj
c:\users\jack-\documents\latest_boids\flocking\flocking\x64\debug\objloader.obj
c:\users\jack-\documents\latest_boids\flocking\flocking\x64\debug\controls.obj
d:\flocking_attraction now_working\flocking\x64\debug\vc141.pdb
d:\flocking_attraction now_working\flocking\x64\debug\vc141.idb
d:\flocking_attraction now_working\flocking\x64\debug\controls.sbr
d:\flocking_attraction now_working\flocking\x64\debug\objloader.sbr
d:\flocking_attraction now_working\flocking\x64\debug\shader.sbr
d:\flocking_attraction now_working\flocking\x64\debug\speedsample.sbr
d:\flocking_attraction now_working\flocking\x64\debug\visualize.sbr
d:\flocking_attraction now_working\flocking\x64\debug\visualize.obj
d:\flocking_attraction now_working\flocking\x64\debug\speedsample.obj
d:\flocking_attraction now_working\flocking\x64\debug\shader.obj
d:\flocking_attraction now_working\flocking\x64\debug\objloader.obj
d:\flocking_attraction now_working\flocking\x64\debug\controls.obj
c:\users\jack-\documents\latest_boids\flocking\x64\debug\flocking.lib
c:\users\jack-\documents\latest_boids\flocking\x64\debug\flocking.exp
d:\flocking_attraction now_working\x64\debug\flocking.lib
d:\flocking_attraction now_working\x64\debug\flocking.exp
c:\users\jack-\documents\latest_boids\flocking\x64\debug\flocking.exe
c:\users\jack-\documents\latest_boids\flocking\x64\debug\flocking.ilk
c:\users\jack-\documents\latest_boids\flocking\x64\debug\flocking.pdb
d:\flocking_attraction now_working\x64\debug\flocking.exe
d:\flocking_attraction now_working\x64\debug\flocking.ilk
d:\flocking_attraction now_working\x64\debug\flocking.pdb
d:\flocking_attraction now_working\flocking\x64\debug\engine.cu.cache
d:\flocking_attraction now_working\flocking\x64\debug\engine.cu.obj
d:\flocking_attraction now_working\x64\debug\flocking.bsc
d:\flocking_attraction now_working\flocking\x64\debug\flocking.tlog\bscmake.command.1.tlog
d:\flocking_attraction now_working\flocking\x64\debug\flocking.tlog\bscmake.read.1.tlog
d:\flocking_attraction now_working\flocking\x64\debug\flocking.tlog\cl.command.1.tlog
d:\flocking_attraction now_working\flocking\x64\debug\flocking.tlog\cl.read.1.tlog
d:\flocking_attraction now_working\flocking\x64\debug\flocking.tlog\cl.write.1.tlog
d:\flocking_attraction now_working\flocking\x64\debug\flocking.tlog\flocking.write.1u.tlog
d:\flocking_attraction now_working\flocking\x64\debug\flocking.tlog\link.command.1.tlog
d:\flocking_attraction now_working\flocking\x64\debug\flocking.tlog\link.read.1.tlog
d:\flocking_attraction now_working\flocking\x64\debug\flocking.tlog\link.write.1.tlog
